09/13/2021 01:20:58 PM INFO:Starting application
09/13/2021 01:20:58 PM INFO:reading config file
09/13/2021 01:20:58 PM INFO:Successfully read configuration file
09/13/2021 01:23:35 PM INFO:Starting application
09/13/2021 01:23:35 PM INFO:reading config file
09/13/2021 01:23:35 PM INFO:Successfully read configuration file
09/13/2021 01:24:01 PM ERROR:Pupil Capture not alive
09/13/2021 01:25:45 PM INFO:Starting application
09/13/2021 01:25:45 PM INFO:reading config file
09/13/2021 01:25:45 PM INFO:Successfully read configuration file
09/13/2021 01:26:38 PM INFO:Starting application
09/13/2021 01:26:39 PM INFO:reading config file
09/13/2021 01:26:39 PM INFO:Successfully read configuration file
09/13/2021 01:27:25 PM INFO:Starting application
09/13/2021 01:27:25 PM INFO:reading config file
09/13/2021 01:27:25 PM INFO:Successfully read configuration file
09/13/2021 01:27:35 PM INFO:Starting application
09/13/2021 01:27:35 PM INFO:reading config file
09/13/2021 01:27:35 PM INFO:Successfully read configuration file
09/13/2021 01:27:53 PM ERROR:Pupil Capture not alive
09/13/2021 02:31:21 PM INFO:Starting application
09/13/2021 02:31:21 PM INFO:reading config file
09/13/2021 02:31:21 PM INFO:Successfully read configuration file
09/13/2021 02:31:49 PM INFO:Start recording, reply: OK
09/13/2021 02:34:32 PM INFO:Starting application
09/13/2021 02:34:32 PM INFO:reading config file
09/13/2021 02:34:32 PM INFO:Successfully read configuration file
09/13/2021 02:35:05 PM INFO:Starting application
09/13/2021 02:35:05 PM INFO:reading config file
09/13/2021 02:35:05 PM INFO:Successfully read configuration file
09/13/2021 02:35:56 PM INFO:Starting application
09/13/2021 02:35:56 PM INFO:reading config file
09/13/2021 02:35:56 PM INFO:Successfully read configuration file
09/13/2021 02:36:26 PM INFO:Start recording, reply: OK
09/13/2021 02:36:41 PM INFO:Stop recording, reply: OK
